0 info it worked if it ends with ok
1 verbose cli [ 'C:\\Program Files\\nodejs\\node.exe',
1 verbose cli   'C:\\Users\\wiseitech\\AppData\\Roaming\\npm\\node_modules\\npm\\bin\\npm-cli.js',
1 verbose cli   'install',
1 verbose cli   'win32ole' ]
2 info using npm@3.10.6
3 info using node@v4.4.7
4 silly loadCurrentTree Starting
5 silly install loadCurrentTree
6 silly install readLocalPackageData
7 silly fetchPackageMetaData win32ole
8 silly fetchNamedPackageData win32ole
9 silly mapToRegistry name win32ole
10 silly mapToRegistry using default registry
11 silly mapToRegistry registry https://registry.npmjs.org/
12 silly mapToRegistry data Result {
12 silly mapToRegistry   raw: 'win32ole',
12 silly mapToRegistry   scope: null,
12 silly mapToRegistry   escapedName: 'win32ole',
12 silly mapToRegistry   name: 'win32ole',
12 silly mapToRegistry   rawSpec: '',
12 silly mapToRegistry   spec: 'latest',
12 silly mapToRegistry   type: 'tag' }
13 silly mapToRegistry uri https://registry.npmjs.org/win32ole
14 verbose request uri https://registry.npmjs.org/win32ole
15 verbose request no auth needed
16 info attempt registry request try #1 at 17:03:32
17 verbose request id 1d9889a08825270b
18 verbose etag "2KYBOBQCNS12BHBBM09ZOZCOY"
19 http request GET https://registry.npmjs.org/win32ole
20 http 304 https://registry.npmjs.org/win32ole
21 verbose headers { date: 'Thu, 08 Sep 2016 08:03:35 GMT',
21 verbose headers   via: '1.1 varnish',
21 verbose headers   'cache-control': 'max-age=300',
21 verbose headers   etag: '"2KYBOBQCNS12BHBBM09ZOZCOY"',
21 verbose headers   age: '0',
21 verbose headers   connection: 'keep-alive',
21 verbose headers   'x-served-by': 'cache-nrt6130-NRT',
21 verbose headers   'x-cache': 'MISS',
21 verbose headers   'x-cache-hits': '0',
21 verbose headers   'x-timer': 'S1473321815.639025,VS0,VE606',
21 verbose headers   vary: 'Accept-Encoding' }
22 silly get cb [ 304,
22 silly get   { date: 'Thu, 08 Sep 2016 08:03:35 GMT',
22 silly get     via: '1.1 varnish',
22 silly get     'cache-control': 'max-age=300',
22 silly get     etag: '"2KYBOBQCNS12BHBBM09ZOZCOY"',
22 silly get     age: '0',
22 silly get     connection: 'keep-alive',
22 silly get     'x-served-by': 'cache-nrt6130-NRT',
22 silly get     'x-cache': 'MISS',
22 silly get     'x-cache-hits': '0',
22 silly get     'x-timer': 'S1473321815.639025,VS0,VE606',
22 silly get     vary: 'Accept-Encoding' } ]
23 verbose etag https://registry.npmjs.org/win32ole from cache
24 verbose get saving win32ole to C:\Users\wiseitech\AppData\Roaming\npm-cache\registry.npmjs.org\win32ole\.cache.json
25 verbose correctMkdir C:\Users\wiseitech\AppData\Roaming\npm-cache correctMkdir not in flight; initializing
26 silly install normalizeTree
27 silly loadCurrentTree Finishing
28 silly loadIdealTree Starting
29 silly install loadIdealTree
30 silly cloneCurrentTree Starting
31 silly install cloneCurrentTreeToIdealTree
32 silly cloneCurrentTree Finishing
33 silly loadShrinkwrap Starting
34 silly install loadShrinkwrap
35 silly loadShrinkwrap Finishing
36 silly loadAllDepsIntoIdealTree Starting
37 silly install loadAllDepsIntoIdealTree
38 silly resolveWithNewModule win32ole@0.1.3 checking installable status
39 silly cache add args [ 'win32ole', null ]
40 verbose cache add spec win32ole
41 silly cache add parsed spec Result {
41 silly cache add   raw: 'win32ole',
41 silly cache add   scope: null,
41 silly cache add   escapedName: 'win32ole',
41 silly cache add   name: 'win32ole',
41 silly cache add   rawSpec: '',
41 silly cache add   spec: 'latest',
41 silly cache add   type: 'tag' }
42 silly addNamed win32ole@latest
43 verbose addNamed "latest" is being treated as a dist-tag for win32ole
44 info addNameTag [ 'win32ole', 'latest' ]
45 silly mapToRegistry name win32ole
46 silly mapToRegistry using default registry
47 silly mapToRegistry registry https://registry.npmjs.org/
48 silly mapToRegistry data Result {
48 silly mapToRegistry   raw: 'win32ole',
48 silly mapToRegistry   scope: null,
48 silly mapToRegistry   escapedName: 'win32ole',
48 silly mapToRegistry   name: 'win32ole',
48 silly mapToRegistry   rawSpec: '',
48 silly mapToRegistry   spec: 'latest',
48 silly mapToRegistry   type: 'tag' }
49 silly mapToRegistry uri https://registry.npmjs.org/win32ole
50 verbose addNameTag registry:https://registry.npmjs.org/win32ole not in flight; fetching
51 verbose get https://registry.npmjs.org/win32ole not expired, no request
52 silly addNameTag next cb for win32ole with tag latest
53 silly addNamed win32ole@0.1.3
54 verbose addNamed "0.1.3" is a plain semver version for win32ole
55 silly cache afterAdd win32ole@0.1.3
56 verbose afterAdd C:\Users\wiseitech\AppData\Roaming\npm-cache\win32ole\0.1.3\package\package.json not in flight; writing
57 verbose correctMkdir C:\Users\wiseitech\AppData\Roaming\npm-cache correctMkdir not in flight; initializing
58 verbose afterAdd C:\Users\wiseitech\AppData\Roaming\npm-cache\win32ole\0.1.3\package\package.json written
59 silly fetchNamedPackageData assert
60 silly mapToRegistry name assert
61 silly mapToRegistry using default registry
62 silly mapToRegistry registry https://registry.npmjs.org/
63 silly mapToRegistry data Result {
63 silly mapToRegistry   raw: 'assert',
63 silly mapToRegistry   scope: null,
63 silly mapToRegistry   escapedName: 'assert',
63 silly mapToRegistry   name: 'assert',
63 silly mapToRegistry   rawSpec: '',
63 silly mapToRegistry   spec: 'latest',
63 silly mapToRegistry   type: 'tag' }
64 silly mapToRegistry uri https://registry.npmjs.org/assert
65 silly fetchNamedPackageData async
66 silly mapToRegistry name async
67 silly mapToRegistry using default registry
68 silly mapToRegistry registry https://registry.npmjs.org/
69 silly mapToRegistry data Result {
69 silly mapToRegistry   raw: 'async',
69 silly mapToRegistry   scope: null,
69 silly mapToRegistry   escapedName: 'async',
69 silly mapToRegistry   name: 'async',
69 silly mapToRegistry   rawSpec: '',
69 silly mapToRegistry   spec: 'latest',
69 silly mapToRegistry   type: 'tag' }
70 silly mapToRegistry uri https://registry.npmjs.org/async
71 verbose request uri https://registry.npmjs.org/assert
72 verbose request no auth needed
73 info attempt registry request try #1 at 17:03:33
74 http request GET https://registry.npmjs.org/assert
75 verbose request uri https://registry.npmjs.org/async
76 verbose request no auth needed
77 info attempt registry request try #1 at 17:03:33
78 http request GET https://registry.npmjs.org/async
79 http 200 https://registry.npmjs.org/assert
80 verbose headers { server: 'CouchDB/1.5.0 (Erlang OTP/R16B03)',
80 verbose headers   etag: '"MXN5HV6GCNZ2DFHM3HH88JAL"',
80 verbose headers   'content-type': 'application/json',
80 verbose headers   'content-encoding': 'gzip',
80 verbose headers   'cache-control': 'max-age=300',
80 verbose headers   'content-length': '3700',
80 verbose headers   'accept-ranges': 'bytes',
80 verbose headers   date: 'Thu, 08 Sep 2016 08:03:36 GMT',
80 verbose headers   via: '1.1 varnish',
80 verbose headers   age: '108',
80 verbose headers   connection: 'keep-alive',
80 verbose headers   'x-served-by': 'cache-nrt6130-NRT',
80 verbose headers   'x-cache': 'HIT',
80 verbose headers   'x-cache-hits': '1',
80 verbose headers   'x-timer': 'S1473321816.444011,VS0,VE0',
80 verbose headers   vary: 'Accept-Encoding' }
81 silly get cb [ 200,
81 silly get   { server: 'CouchDB/1.5.0 (Erlang OTP/R16B03)',
81 silly get     etag: '"MXN5HV6GCNZ2DFHM3HH88JAL"',
81 silly get     'content-type': 'application/json',
81 silly get     'content-encoding': 'gzip',
81 silly get     'cache-control': 'max-age=300',
81 silly get     'content-length': '3700',
81 silly get     'accept-ranges': 'bytes',
81 silly get     date: 'Thu, 08 Sep 2016 08:03:36 GMT',
81 silly get     via: '1.1 varnish',
81 silly get     age: '108',
81 silly get     connection: 'keep-alive',
81 silly get     'x-served-by': 'cache-nrt6130-NRT',
81 silly get     'x-cache': 'HIT',
81 silly get     'x-cache-hits': '1',
81 silly get     'x-timer': 'S1473321816.444011,VS0,VE0',
81 silly get     vary: 'Accept-Encoding' } ]
82 verbose get saving assert to C:\Users\wiseitech\AppData\Roaming\npm-cache\registry.npmjs.org\assert\.cache.json
83 verbose correctMkdir C:\Users\wiseitech\AppData\Roaming\npm-cache correctMkdir not in flight; initializing
84 silly resolveWithNewModule assert@1.4.1 checking installable status
85 silly cache add args [ 'assert@>= 0.4.9', null ]
86 verbose cache add spec assert@>= 0.4.9
87 silly cache add parsed spec Result {
87 silly cache add   raw: 'assert@>= 0.4.9',
87 silly cache add   scope: null,
87 silly cache add   escapedName: 'assert',
87 silly cache add   name: 'assert',
87 silly cache add   rawSpec: '>= 0.4.9',
87 silly cache add   spec: '>=0.4.9',
87 silly cache add   type: 'range' }
88 silly addNamed assert@>=0.4.9
89 verbose addNamed ">=0.4.9" is a valid semver range for assert
90 silly addNameRange { name: 'assert', range: '>=0.4.9', hasData: false }
91 silly mapToRegistry name assert
92 silly mapToRegistry using default registry
93 silly mapToRegistry registry https://registry.npmjs.org/
94 silly mapToRegistry data Result {
94 silly mapToRegistry   raw: 'assert',
94 silly mapToRegistry   scope: null,
94 silly mapToRegistry   escapedName: 'assert',
94 silly mapToRegistry   name: 'assert',
94 silly mapToRegistry   rawSpec: '',
94 silly mapToRegistry   spec: 'latest',
94 silly mapToRegistry   type: 'tag' }
95 silly mapToRegistry uri https://registry.npmjs.org/assert
96 verbose addNameRange registry:https://registry.npmjs.org/assert not in flight; fetching
97 verbose get https://registry.npmjs.org/assert not expired, no request
98 silly addNameRange number 2 { name: 'assert', range: '>=0.4.9', hasData: true }
99 silly addNameRange versions [ 'assert',
99 silly addNameRange   [ '0.4.9',
99 silly addNameRange     '1.0.0',
99 silly addNameRange     '1.0.1',
99 silly addNameRange     '1.0.2',
99 silly addNameRange     '1.0.3',
99 silly addNameRange     '1.1.0',
99 silly addNameRange     '1.1.1',
99 silly addNameRange     '1.1.2',
99 silly addNameRange     '1.2.0',
99 silly addNameRange     '1.3.0',
99 silly addNameRange     '1.4.0',
99 silly addNameRange     '1.4.1' ] ]
100 silly addNamed assert@1.4.1
101 verbose addNamed "1.4.1" is a plain semver version for assert
102 silly mapToRegistry name assert
103 silly mapToRegistry using default registry
104 silly mapToRegistry registry https://registry.npmjs.org/
105 silly mapToRegistry data Result {
105 silly mapToRegistry   raw: 'assert',
105 silly mapToRegistry   scope: null,
105 silly mapToRegistry   escapedName: 'assert',
105 silly mapToRegistry   name: 'assert',
105 silly mapToRegistry   rawSpec: '',
105 silly mapToRegistry   spec: 'latest',
105 silly mapToRegistry   type: 'tag' }
106 silly mapToRegistry uri https://registry.npmjs.org/assert
107 verbose addRemoteTarball https://registry.npmjs.org/assert/-/assert-1.4.1.tgz not in flight; adding
108 verbose addRemoteTarball [ 'https://registry.npmjs.org/assert/-/assert-1.4.1.tgz',
108 verbose addRemoteTarball   '99912d591836b5a6f5b345c0f07eefc08fc65d91' ]
109 info retry fetch attempt 1 at 17:03:33
110 info attempt registry request try #1 at 17:03:33
111 http fetch GET https://registry.npmjs.org/assert/-/assert-1.4.1.tgz
112 http fetch 200 https://registry.npmjs.org/assert/-/assert-1.4.1.tgz
113 silly fetchAndShaCheck shasum 99912d591836b5a6f5b345c0f07eefc08fc65d91
114 verbose addTmpTarball C:\Users\WISEIT~1\AppData\Local\Temp\npm-7604-e2726e48\registry.npmjs.org\assert\-\assert-1.4.1.tgz not in flight; adding
115 verbose addTmpTarball already have metadata; skipping unpack for assert@1.4.1
116 verbose correctMkdir C:\Users\wiseitech\AppData\Roaming\npm-cache correctMkdir not in flight; initializing
117 silly cache afterAdd assert@1.4.1
118 verbose afterAdd C:\Users\wiseitech\AppData\Roaming\npm-cache\assert\1.4.1\package\package.json not in flight; writing
119 verbose correctMkdir C:\Users\wiseitech\AppData\Roaming\npm-cache correctMkdir not in flight; initializing
120 verbose afterAdd C:\Users\wiseitech\AppData\Roaming\npm-cache\assert\1.4.1\package\package.json written
121 http 200 https://registry.npmjs.org/async
122 verbose headers { server: 'CouchDB/1.5.0 (Erlang OTP/R16B03)',
122 verbose headers   etag: '"31SS41WWRPKKC7NRCRVEF8O61"',
122 verbose headers   'content-type': 'application/json',
122 verbose headers   'content-encoding': 'gzip',
122 verbose headers   'cache-control': 'max-age=300',
122 verbose headers   'content-length': '16918',
122 verbose headers   'accept-ranges': 'bytes',
122 verbose headers   date: 'Thu, 08 Sep 2016 08:03:36 GMT',
122 verbose headers   via: '1.1 varnish',
122 verbose headers   age: '206',
122 verbose headers   connection: 'keep-alive',
122 verbose headers   'x-served-by': 'cache-nrt6121-NRT',
122 verbose headers   'x-cache': 'HIT',
122 verbose headers   'x-cache-hits': '9',
122 verbose headers   'x-timer': 'S1473321816.533908,VS0,VE0',
122 verbose headers   vary: 'Accept-Encoding' }
123 silly get cb [ 200,
123 silly get   { server: 'CouchDB/1.5.0 (Erlang OTP/R16B03)',
123 silly get     etag: '"31SS41WWRPKKC7NRCRVEF8O61"',
123 silly get     'content-type': 'application/json',
123 silly get     'content-encoding': 'gzip',
123 silly get     'cache-control': 'max-age=300',
123 silly get     'content-length': '16918',
123 silly get     'accept-ranges': 'bytes',
123 silly get     date: 'Thu, 08 Sep 2016 08:03:36 GMT',
123 silly get     via: '1.1 varnish',
123 silly get     age: '206',
123 silly get     connection: 'keep-alive',
123 silly get     'x-served-by': 'cache-nrt6121-NRT',
123 silly get     'x-cache': 'HIT',
123 silly get     'x-cache-hits': '9',
123 silly get     'x-timer': 'S1473321816.533908,VS0,VE0',
123 silly get     vary: 'Accept-Encoding' } ]
124 verbose get saving async to C:\Users\wiseitech\AppData\Roaming\npm-cache\registry.npmjs.org\async\.cache.json
125 verbose correctMkdir C:\Users\wiseitech\AppData\Roaming\npm-cache correctMkdir not in flight; initializing
126 silly resolveWithNewModule async@2.0.1 checking installable status
127 silly cache add args [ 'async@>= 0.1.22', null ]
128 verbose cache add spec async@>= 0.1.22
129 silly cache add parsed spec Result {
129 silly cache add   raw: 'async@>= 0.1.22',
129 silly cache add   scope: null,
129 silly cache add   escapedName: 'async',
129 silly cache add   name: 'async',
129 silly cache add   rawSpec: '>= 0.1.22',
129 silly cache add   spec: '>=0.1.22',
129 silly cache add   type: 'range' }
130 silly addNamed async@>=0.1.22
131 verbose addNamed ">=0.1.22" is a valid semver range for async
132 silly addNameRange { name: 'async', range: '>=0.1.22', hasData: false }
133 silly mapToRegistry name async
134 silly mapToRegistry using default registry
135 silly mapToRegistry registry https://registry.npmjs.org/
136 silly mapToRegistry data Result {
136 silly mapToRegistry   raw: 'async',
136 silly mapToRegistry   scope: null,
136 silly mapToRegistry   escapedName: 'async',
136 silly mapToRegistry   name: 'async',
136 silly mapToRegistry   rawSpec: '',
136 silly mapToRegistry   spec: 'latest',
136 silly mapToRegistry   type: 'tag' }
137 silly mapToRegistry uri https://registry.npmjs.org/async
138 verbose addNameRange registry:https://registry.npmjs.org/async not in flight; fetching
139 verbose get https://registry.npmjs.org/async not expired, no request
140 silly addNameRange number 2 { name: 'async', range: '>=0.1.22', hasData: true }
141 silly addNameRange versions [ 'async',
141 silly addNameRange   [ '0.1.0',
141 silly addNameRange     '0.1.1',
141 silly addNameRange     '0.1.2',
141 silly addNameRange     '0.1.3',
141 silly addNameRange     '0.1.4',
141 silly addNameRange     '0.1.5',
141 silly addNameRange     '0.1.6',
141 silly addNameRange     '0.1.7',
141 silly addNameRange     '0.1.8',
141 silly addNameRange     '0.1.9',
141 silly addNameRange     '0.1.10',
141 silly addNameRange     '0.1.11',
141 silly addNameRange     '0.1.12',
141 silly addNameRange     '0.1.13',
141 silly addNameRange     '0.1.14',
141 silly addNameRange     '0.1.15',
141 silly addNameRange     '0.1.16',
141 silly addNameRange     '0.1.17',
141 silly addNameRange     '0.1.18',
141 silly addNameRange     '0.1.19',
141 silly addNameRange     '0.1.20',
141 silly addNameRange     '0.1.21',
141 silly addNameRange     '0.1.22',
141 silly addNameRange     '0.2.0',
141 silly addNameRange     '0.2.1',
141 silly addNameRange     '0.2.2',
141 silly addNameRange     '0.2.3',
141 silly addNameRange     '0.2.4',
141 silly addNameRange     '0.2.5',
141 silly addNameRange     '0.2.6',
141 silly addNameRange     '0.2.7',
141 silly addNameRange     '0.2.8',
141 silly addNameRange     '0.2.9',
141 silly addNameRange     '0.2.10',
141 silly addNameRange     '0.3.0',
141 silly addNameRange     '0.4.0',
141 silly addNameRange     '0.4.1',
141 silly addNameRange     '0.5.0',
141 silly addNameRange     '0.6.0',
141 silly addNameRange     '0.6.1',
141 silly addNameRange     '0.6.2',
141 silly addNameRange     '0.7.0',
141 silly addNameRange     '0.8.0',
141 silly addNameRange     '0.9.0',
141 silly addNameRange     '0.9.2',
141 silly addNameRange     '1.0.0',
141 silly addNameRange     '1.1.0',
141 silly addNameRange     '1.2.0',
141 silly addNameRange     '1.1.1',
141 silly addNameRange     '1.2.1',
141 silly addNameRange     '1.3.0',
141 silly addNameRange     '1.4.0',
141 silly addNameRange     '1.4.1',
141 silly addNameRange     '1.4.2',
141 silly addNameRange     '1.5.0',
141 silly addNameRange     '1.5.1',
141 silly addNameRange     '1.5.2',
141 silly addNameRange     '2.0.0-alpha.0',
141 silly addNameRange     '2.0.0-rc.1',
141 silly addNameRange     '2.0.0-rc.2',
141 silly addNameRange     '2.0.0-rc.3',
141 silly addNameRange     '2.0.0-rc.4',
141 silly addNameRange     '2.0.0-rc.5',
141 silly addNameRange     '2.0.0-rc.6',
141 silly addNameRange     '2.0.0',
141 silly addNameRange     '2.0.1' ] ]
142 silly addNamed async@2.0.1
143 verbose addNamed "2.0.1" is a plain semver version for async
144 silly mapToRegistry name async
145 silly mapToRegistry using default registry
146 silly mapToRegistry registry https://registry.npmjs.org/
147 silly mapToRegistry data Result {
147 silly mapToRegistry   raw: 'async',
147 silly mapToRegistry   scope: null,
147 silly mapToRegistry   escapedName: 'async',
147 silly mapToRegistry   name: 'async',
147 silly mapToRegistry   rawSpec: '',
147 silly mapToRegistry   spec: 'latest',
147 silly mapToRegistry   type: 'tag' }
148 silly mapToRegistry uri https://registry.npmjs.org/async
149 verbose addRemoteTarball https://registry.npmjs.org/async/-/async-2.0.1.tgz not in flight; adding
150 verbose addRemoteTarball [ 'https://registry.npmjs.org/async/-/async-2.0.1.tgz',
150 verbose addRemoteTarball   'b709cc0280a9c36f09f4536be823c838a9049e25' ]
151 info retry fetch attempt 1 at 17:03:34
152 info attempt registry request try #1 at 17:03:34
153 http fetch GET https://registry.npmjs.org/async/-/async-2.0.1.tgz
154 http fetch 200 https://registry.npmjs.org/async/-/async-2.0.1.tgz
155 silly fetchAndShaCheck shasum b709cc0280a9c36f09f4536be823c838a9049e25
156 verbose addTmpTarball C:\Users\WISEIT~1\AppData\Local\Temp\npm-7604-e2726e48\registry.npmjs.org\async\-\async-2.0.1.tgz not in flight; adding
157 verbose addTmpTarball already have metadata; skipping unpack for async@2.0.1
158 verbose correctMkdir C:\Users\wiseitech\AppData\Roaming\npm-cache correctMkdir not in flight; initializing
159 silly cache afterAdd async@2.0.1
160 verbose afterAdd C:\Users\wiseitech\AppData\Roaming\npm-cache\async\2.0.1\package\package.json not in flight; writing
161 verbose correctMkdir C:\Users\wiseitech\AppData\Roaming\npm-cache correctMkdir not in flight; initializing
162 verbose afterAdd C:\Users\wiseitech\AppData\Roaming\npm-cache\async\2.0.1\package\package.json written
163 silly fetchNamedPackageData util
164 silly mapToRegistry name util
165 silly mapToRegistry using default registry
166 silly mapToRegistry registry https://registry.npmjs.org/
167 silly mapToRegistry data Result {
167 silly mapToRegistry   raw: 'util',
167 silly mapToRegistry   scope: null,
167 silly mapToRegistry   escapedName: 'util',
167 silly mapToRegistry   name: 'util',
167 silly mapToRegistry   rawSpec: '',
167 silly mapToRegistry   spec: 'latest',
167 silly mapToRegistry   type: 'tag' }
168 silly mapToRegistry uri https://registry.npmjs.org/util
169 verbose request uri https://registry.npmjs.org/util
170 verbose request no auth needed
171 info attempt registry request try #1 at 17:03:34
172 http request GET https://registry.npmjs.org/util
173 http 200 https://registry.npmjs.org/util
174 verbose headers { server: 'CouchDB/1.5.0 (Erlang OTP/R16B03)',
174 verbose headers   etag: '"5ODMFF3IZ7TWOWBUN6M2XQ4LQ"',
174 verbose headers   'content-type': 'application/json',
174 verbose headers   'content-encoding': 'gzip',
174 verbose headers   'cache-control': 'max-age=300',
174 verbose headers   'content-length': '1726',
174 verbose headers   'accept-ranges': 'bytes',
174 verbose headers   date: 'Thu, 08 Sep 2016 08:03:36 GMT',
174 verbose headers   via: '1.1 varnish',
174 verbose headers   age: '160',
174 verbose headers   connection: 'keep-alive',
174 verbose headers   'x-served-by': 'cache-nrt6121-NRT',
174 verbose headers   'x-cache': 'HIT',
174 verbose headers   'x-cache-hits': '1',
174 verbose headers   'x-timer': 'S1473321816.823702,VS0,VE0',
174 verbose headers   vary: 'Accept-Encoding' }
175 silly get cb [ 200,
175 silly get   { server: 'CouchDB/1.5.0 (Erlang OTP/R16B03)',
175 silly get     etag: '"5ODMFF3IZ7TWOWBUN6M2XQ4LQ"',
175 silly get     'content-type': 'application/json',
175 silly get     'content-encoding': 'gzip',
175 silly get     'cache-control': 'max-age=300',
175 silly get     'content-length': '1726',
175 silly get     'accept-ranges': 'bytes',
175 silly get     date: 'Thu, 08 Sep 2016 08:03:36 GMT',
175 silly get     via: '1.1 varnish',
175 silly get     age: '160',
175 silly get     connection: 'keep-alive',
175 silly get     'x-served-by': 'cache-nrt6121-NRT',
175 silly get     'x-cache': 'HIT',
175 silly get     'x-cache-hits': '1',
175 silly get     'x-timer': 'S1473321816.823702,VS0,VE0',
175 silly get     vary: 'Accept-Encoding' } ]
176 verbose get saving util to C:\Users\wiseitech\AppData\Roaming\npm-cache\registry.npmjs.org\util\.cache.json
177 verbose correctMkdir C:\Users\wiseitech\AppData\Roaming\npm-cache correctMkdir not in flight; initializing
178 silly resolveWithNewModule util@0.10.3 checking installable status
179 silly cache add args [ 'util@0.10.3', null ]
180 verbose cache add spec util@0.10.3
181 silly cache add parsed spec Result {
181 silly cache add   raw: 'util@0.10.3',
181 silly cache add   scope: null,
181 silly cache add   escapedName: 'util',
181 silly cache add   name: 'util',
181 silly cache add   rawSpec: '0.10.3',
181 silly cache add   spec: '0.10.3',
181 silly cache add   type: 'version' }
182 silly addNamed util@0.10.3
183 verbose addNamed "0.10.3" is a plain semver version for util
184 silly mapToRegistry name util
185 silly mapToRegistry using default registry
186 silly mapToRegistry registry https://registry.npmjs.org/
187 silly mapToRegistry data Result {
187 silly mapToRegistry   raw: 'util',
187 silly mapToRegistry   scope: null,
187 silly mapToRegistry   escapedName: 'util',
187 silly mapToRegistry   name: 'util',
187 silly mapToRegistry   rawSpec: '',
187 silly mapToRegistry   spec: 'latest',
187 silly mapToRegistry   type: 'tag' }
188 silly mapToRegistry uri https://registry.npmjs.org/util
189 verbose addNameVersion registry:https://registry.npmjs.org/util not in flight; fetching
190 verbose get https://registry.npmjs.org/util not expired, no request
191 silly mapToRegistry name util
192 silly mapToRegistry using default registry
193 silly mapToRegistry registry https://registry.npmjs.org/
194 silly mapToRegistry data Result {
194 silly mapToRegistry   raw: 'util',
194 silly mapToRegistry   scope: null,
194 silly mapToRegistry   escapedName: 'util',
194 silly mapToRegistry   name: 'util',
194 silly mapToRegistry   rawSpec: '',
194 silly mapToRegistry   spec: 'latest',
194 silly mapToRegistry   type: 'tag' }
195 silly mapToRegistry uri https://registry.npmjs.org/util
196 verbose addRemoteTarball https://registry.npmjs.org/util/-/util-0.10.3.tgz not in flight; adding
197 verbose addRemoteTarball [ 'https://registry.npmjs.org/util/-/util-0.10.3.tgz',
197 verbose addRemoteTarball   '7afb1afe50805246489e3db7fe0ed379336ac0f9' ]
198 info retry fetch attempt 1 at 17:03:34
199 info attempt registry request try #1 at 17:03:34
200 http fetch GET https://registry.npmjs.org/util/-/util-0.10.3.tgz
201 http fetch 200 https://registry.npmjs.org/util/-/util-0.10.3.tgz
202 silly fetchAndShaCheck shasum 7afb1afe50805246489e3db7fe0ed379336ac0f9
203 verbose addTmpTarball C:\Users\WISEIT~1\AppData\Local\Temp\npm-7604-e2726e48\registry.npmjs.org\util\-\util-0.10.3.tgz not in flight; adding
204 verbose addTmpTarball already have metadata; skipping unpack for util@0.10.3
205 verbose correctMkdir C:\Users\wiseitech\AppData\Roaming\npm-cache correctMkdir not in flight; initializing
206 silly cache afterAdd util@0.10.3
207 verbose afterAdd C:\Users\wiseitech\AppData\Roaming\npm-cache\util\0.10.3\package\package.json not in flight; writing
208 verbose correctMkdir C:\Users\wiseitech\AppData\Roaming\npm-cache correctMkdir not in flight; initializing
209 verbose afterAdd C:\Users\wiseitech\AppData\Roaming\npm-cache\util\0.10.3\package\package.json written
210 silly fetchNamedPackageData inherits
211 silly mapToRegistry name inherits
212 silly mapToRegistry using default registry
213 silly mapToRegistry registry https://registry.npmjs.org/
214 silly mapToRegistry data Result {
214 silly mapToRegistry   raw: 'inherits',
214 silly mapToRegistry   scope: null,
214 silly mapToRegistry   escapedName: 'inherits',
214 silly mapToRegistry   name: 'inherits',
214 silly mapToRegistry   rawSpec: '',
214 silly mapToRegistry   spec: 'latest',
214 silly mapToRegistry   type: 'tag' }
215 silly mapToRegistry uri https://registry.npmjs.org/inherits
216 verbose request uri https://registry.npmjs.org/inherits
217 verbose request no auth needed
218 info attempt registry request try #1 at 17:03:34
219 http request GET https://registry.npmjs.org/inherits
220 http 200 https://registry.npmjs.org/inherits
221 verbose headers { server: 'CouchDB/1.6.1 (Erlang OTP/R16B03)',
221 verbose headers   etag: '"85B3EE1UWZRR6N5NQIJRM4089"',
221 verbose headers   'content-type': 'application/json',
221 verbose headers   'content-encoding': 'gzip',
221 verbose headers   'cache-control': 'max-age=300',
221 verbose headers   'content-length': '2700',
221 verbose headers   'accept-ranges': 'bytes',
221 verbose headers   date: 'Thu, 08 Sep 2016 08:03:36 GMT',
221 verbose headers   via: '1.1 varnish',
221 verbose headers   age: '98',
221 verbose headers   connection: 'keep-alive',
221 verbose headers   'x-served-by': 'cache-nrt6121-NRT',
221 verbose headers   'x-cache': 'HIT',
221 verbose headers   'x-cache-hits': '15',
221 verbose headers   'x-timer': 'S1473321816.958650,VS0,VE0',
221 verbose headers   vary: 'Accept-Encoding' }
222 silly get cb [ 200,
222 silly get   { server: 'CouchDB/1.6.1 (Erlang OTP/R16B03)',
222 silly get     etag: '"85B3EE1UWZRR6N5NQIJRM4089"',
222 silly get     'content-type': 'application/json',
222 silly get     'content-encoding': 'gzip',
222 silly get     'cache-control': 'max-age=300',
222 silly get     'content-length': '2700',
222 silly get     'accept-ranges': 'bytes',
222 silly get     date: 'Thu, 08 Sep 2016 08:03:36 GMT',
222 silly get     via: '1.1 varnish',
222 silly get     age: '98',
222 silly get     connection: 'keep-alive',
222 silly get     'x-served-by': 'cache-nrt6121-NRT',
222 silly get     'x-cache': 'HIT',
222 silly get     'x-cache-hits': '15',
222 silly get     'x-timer': 'S1473321816.958650,VS0,VE0',
222 silly get     vary: 'Accept-Encoding' } ]
223 verbose get saving inherits to C:\Users\wiseitech\AppData\Roaming\npm-cache\registry.npmjs.org\inherits\.cache.json
224 verbose correctMkdir C:\Users\wiseitech\AppData\Roaming\npm-cache correctMkdir not in flight; initializing
225 silly resolveWithNewModule inherits@2.0.1 checking installable status
226 silly cache add args [ 'inherits@2.0.1', null ]
227 verbose cache add spec inherits@2.0.1
228 silly cache add parsed spec Result {
228 silly cache add   raw: 'inherits@2.0.1',
228 silly cache add   scope: null,
228 silly cache add   escapedName: 'inherits',
228 silly cache add   name: 'inherits',
228 silly cache add   rawSpec: '2.0.1',
228 silly cache add   spec: '2.0.1',
228 silly cache add   type: 'version' }
229 silly addNamed inherits@2.0.1
230 verbose addNamed "2.0.1" is a plain semver version for inherits
231 silly mapToRegistry name inherits
232 silly mapToRegistry using default registry
233 silly mapToRegistry registry https://registry.npmjs.org/
234 silly mapToRegistry data Result {
234 silly mapToRegistry   raw: 'inherits',
234 silly mapToRegistry   scope: null,
234 silly mapToRegistry   escapedName: 'inherits',
234 silly mapToRegistry   name: 'inherits',
234 silly mapToRegistry   rawSpec: '',
234 silly mapToRegistry   spec: 'latest',
234 silly mapToRegistry   type: 'tag' }
235 silly mapToRegistry uri https://registry.npmjs.org/inherits
236 verbose addNameVersion registry:https://registry.npmjs.org/inherits not in flight; fetching
237 verbose get https://registry.npmjs.org/inherits not expired, no request
238 silly mapToRegistry name inherits
239 silly mapToRegistry using default registry
240 silly mapToRegistry registry https://registry.npmjs.org/
241 silly mapToRegistry data Result {
241 silly mapToRegistry   raw: 'inherits',
241 silly mapToRegistry   scope: null,
241 silly mapToRegistry   escapedName: 'inherits',
241 silly mapToRegistry   name: 'inherits',
241 silly mapToRegistry   rawSpec: '',
241 silly mapToRegistry   spec: 'latest',
241 silly mapToRegistry   type: 'tag' }
242 silly mapToRegistry uri https://registry.npmjs.org/inherits
243 verbose addRemoteTarball https://registry.npmjs.org/inherits/-/inherits-2.0.1.tgz not in flight; adding
244 verbose addRemoteTarball [ 'https://registry.npmjs.org/inherits/-/inherits-2.0.1.tgz',
244 verbose addRemoteTarball   'b17d08d326b4423e568eff719f91b0b1cbdf69f1' ]
245 info retry fetch attempt 1 at 17:03:34
246 info attempt registry request try #1 at 17:03:34
247 http fetch GET https://registry.npmjs.org/inherits/-/inherits-2.0.1.tgz
248 http fetch 200 https://registry.npmjs.org/inherits/-/inherits-2.0.1.tgz
249 silly fetchAndShaCheck shasum b17d08d326b4423e568eff719f91b0b1cbdf69f1
250 verbose addTmpTarball C:\Users\WISEIT~1\AppData\Local\Temp\npm-7604-e2726e48\registry.npmjs.org\inherits\-\inherits-2.0.1.tgz not in flight; adding
251 verbose addTmpTarball already have metadata; skipping unpack for inherits@2.0.1
252 verbose correctMkdir C:\Users\wiseitech\AppData\Roaming\npm-cache correctMkdir not in flight; initializing
253 silly cache afterAdd inherits@2.0.1
254 verbose afterAdd C:\Users\wiseitech\AppData\Roaming\npm-cache\inherits\2.0.1\package\package.json not in flight; writing
255 verbose correctMkdir C:\Users\wiseitech\AppData\Roaming\npm-cache correctMkdir not in flight; initializing
256 verbose afterAdd C:\Users\wiseitech\AppData\Roaming\npm-cache\inherits\2.0.1\package\package.json written
257 silly fetchNamedPackageData lodash
258 silly mapToRegistry name lodash
259 silly mapToRegistry using default registry
260 silly mapToRegistry registry https://registry.npmjs.org/
261 silly mapToRegistry data Result {
261 silly mapToRegistry   raw: 'lodash',
261 silly mapToRegistry   scope: null,
261 silly mapToRegistry   escapedName: 'lodash',
261 silly mapToRegistry   name: 'lodash',
261 silly mapToRegistry   rawSpec: '',
261 silly mapToRegistry   spec: 'latest',
261 silly mapToRegistry   type: 'tag' }
262 silly mapToRegistry uri https://registry.npmjs.org/lodash
263 verbose request uri https://registry.npmjs.org/lodash
264 verbose request no auth needed
265 info attempt registry request try #1 at 17:03:34
266 http request GET https://registry.npmjs.org/lodash
267 http 200 https://registry.npmjs.org/lodash
268 verbose headers { server: 'CouchDB/1.5.0 (Erlang OTP/R16B03)',
268 verbose headers   etag: '"AFW2398T0L5OUVRFD1DTGMWZS"',
268 verbose headers   'content-type': 'application/json',
268 verbose headers   'content-encoding': 'gzip',
268 verbose headers   'cache-control': 'max-age=300',
268 verbose headers   'content-length': '18547',
268 verbose headers   'accept-ranges': 'bytes',
268 verbose headers   date: 'Thu, 08 Sep 2016 08:03:37 GMT',
268 verbose headers   via: '1.1 varnish',
268 verbose headers   age: '286',
268 verbose headers   connection: 'keep-alive',
268 verbose headers   'x-served-by': 'cache-nrt6121-NRT',
268 verbose headers   'x-cache': 'HIT',
268 verbose headers   'x-cache-hits': '114',
268 verbose headers   'x-timer': 'S1473321817.114054,VS0,VE0',
268 verbose headers   vary: 'Accept-Encoding' }
269 silly get cb [ 200,
269 silly get   { server: 'CouchDB/1.5.0 (Erlang OTP/R16B03)',
269 silly get     etag: '"AFW2398T0L5OUVRFD1DTGMWZS"',
269 silly get     'content-type': 'application/json',
269 silly get     'content-encoding': 'gzip',
269 silly get     'cache-control': 'max-age=300',
269 silly get     'content-length': '18547',
269 silly get     'accept-ranges': 'bytes',
269 silly get     date: 'Thu, 08 Sep 2016 08:03:37 GMT',
269 silly get     via: '1.1 varnish',
269 silly get     age: '286',
269 silly get     connection: 'keep-alive',
269 silly get     'x-served-by': 'cache-nrt6121-NRT',
269 silly get     'x-cache': 'HIT',
269 silly get     'x-cache-hits': '114',
269 silly get     'x-timer': 'S1473321817.114054,VS0,VE0',
269 silly get     vary: 'Accept-Encoding' } ]
270 verbose get saving lodash to C:\Users\wiseitech\AppData\Roaming\npm-cache\registry.npmjs.org\lodash\.cache.json
271 verbose correctMkdir C:\Users\wiseitech\AppData\Roaming\npm-cache correctMkdir not in flight; initializing
272 silly resolveWithNewModule lodash@4.15.0 checking installable status
273 silly cache add args [ 'lodash@^4.8.0', null ]
274 verbose cache add spec lodash@^4.8.0
275 silly cache add parsed spec Result {
275 silly cache add   raw: 'lodash@^4.8.0',
275 silly cache add   scope: null,
275 silly cache add   escapedName: 'lodash',
275 silly cache add   name: 'lodash',
275 silly cache add   rawSpec: '^4.8.0',
275 silly cache add   spec: '>=4.8.0 <5.0.0',
275 silly cache add   type: 'range' }
276 silly addNamed lodash@>=4.8.0 <5.0.0
277 verbose addNamed ">=4.8.0 <5.0.0" is a valid semver range for lodash
278 silly addNameRange { name: 'lodash', range: '>=4.8.0 <5.0.0', hasData: false }
279 silly mapToRegistry name lodash
280 silly mapToRegistry using default registry
281 silly mapToRegistry registry https://registry.npmjs.org/
282 silly mapToRegistry data Result {
282 silly mapToRegistry   raw: 'lodash',
282 silly mapToRegistry   scope: null,
282 silly mapToRegistry   escapedName: 'lodash',
282 silly mapToRegistry   name: 'lodash',
282 silly mapToRegistry   rawSpec: '',
282 silly mapToRegistry   spec: 'latest',
282 silly mapToRegistry   type: 'tag' }
283 silly mapToRegistry uri https://registry.npmjs.org/lodash
284 verbose addNameRange registry:https://registry.npmjs.org/lodash not in flight; fetching
285 verbose get https://registry.npmjs.org/lodash not expired, no request
286 silly addNameRange number 2 { name: 'lodash', range: '>=4.8.0 <5.0.0', hasData: true }
287 silly addNameRange versions [ 'lodash',
287 silly addNameRange   [ '0.1.0',
287 silly addNameRange     '0.2.0',
287 silly addNameRange     '0.2.1',
287 silly addNameRange     '0.2.2',
287 silly addNameRange     '0.3.0',
287 silly addNameRange     '0.3.1',
287 silly addNameRange     '0.3.2',
287 silly addNameRange     '0.4.0',
287 silly addNameRange     '0.4.1',
287 silly addNameRange     '0.4.2',
287 silly addNameRange     '0.5.0-rc.1',
287 silly addNameRange     '0.5.0',
287 silly addNameRange     '0.5.1',
287 silly addNameRange     '0.5.2',
287 silly addNameRange     '0.6.0',
287 silly addNameRange     '0.6.1',
287 silly addNameRange     '0.7.0',
287 silly addNameRange     '0.8.0',
287 silly addNameRange     '0.8.1',
287 silly addNameRange     '0.8.2',
287 silly addNameRange     '0.9.0',
287 silly addNameRange     '0.9.1',
287 silly addNameRange     '0.9.2',
287 silly addNameRange     '0.10.0',
287 silly addNameRange     '1.0.0-rc.1',
287 silly addNameRange     '1.0.0-rc.2',
287 silly addNameRange     '1.0.0-rc.3',
287 silly addNameRange     '1.0.0',
287 silly addNameRange     '1.0.1',
287 silly addNameRange     '1.1.0',
287 silly addNameRange     '1.1.1',
287 silly addNameRange     '1.2.0',
287 silly addNameRange     '1.2.1',
287 silly addNameRange     '1.3.0',
287 silly addNameRange     '1.3.1',
287 silly addNameRange     '2.0.0',
287 silly addNameRange     '2.1.0',
287 silly addNameRange     '2.2.0',
287 silly addNameRange     '2.2.1',
287 silly addNameRange     '2.3.0',
287 silly addNameRange     '2.4.0',
287 silly addNameRange     '2.4.1',
287 silly addNameRange     '3.0.0',
287 silly addNameRange     '3.0.1',
287 silly addNameRange     '3.1.0',
287 silly addNameRange     '3.2.0',
287 silly addNameRange     '3.3.0',
287 silly addNameRange     '3.3.1',
287 silly addNameRange     '3.4.0',
287 silly addNameRange     '3.5.0',
287 silly addNameRange     '3.6.0',
287 silly addNameRange     '1.0.2',
287 silly addNameRange     '3.7.0',
287 silly addNameRange     '2.4.2',
287 silly addNameRange     '3.8.0',
287 silly addNameRange     '3.9.0',
287 silly addNameRange     '3.9.1',
287 silly addNameRange     '3.9.2',
287 silly addNameRange     '3.9.3',
287 silly addNameRange     '3.10.0',
287 silly addNameRange     '3.10.1',
287 silly addNameRange     '4.0.0',
287 silly addNameRange     '4.0.1',
287 silly addNameRange     '4.1.0',
287 silly addNameRange     '4.2.0',
287 silly addNameRange     '4.2.1',
287 silly addNameRange     '4.3.0',
287 silly addNameRange     '4.4.0',
287 silly addNameRange     '4.5.0',
287 silly addNameRange     '4.5.1',
287 silly addNameRange     '4.6.0',
287 silly addNameRange     '4.6.1',
287 silly addNameRange     '4.7.0',
287 silly addNameRange     '4.8.0',
287 silly addNameRange     '4.8.1',
287 silly addNameRange     '4.8.2',
287 silly addNameRange     '4.9.0',
287 silly addNameRange     '4.10.0',
287 silly addNameRange     '4.11.0',
287 silly addNameRange     '4.11.1',
287 silly addNameRange     '4.11.2',
287 silly addNameRange     '4.12.0',
287 silly addNameRange     '4.13.0',
287 silly addNameRange     '4.13.1',
287 silly addNameRange     '4.14.0',
287 silly addNameRange     '4.14.1',
287 silly addNameRange     '4.14.2',
287 silly addNameRange     '4.15.0' ] ]
288 silly addNamed lodash@4.15.0
289 verbose addNamed "4.15.0" is a plain semver version for lodash
290 silly mapToRegistry name lodash
291 silly mapToRegistry using default registry
292 silly mapToRegistry registry https://registry.npmjs.org/
293 silly mapToRegistry data Result {
293 silly mapToRegistry   raw: 'lodash',
293 silly mapToRegistry   scope: null,
293 silly mapToRegistry   escapedName: 'lodash',
293 silly mapToRegistry   name: 'lodash',
293 silly mapToRegistry   rawSpec: '',
293 silly mapToRegistry   spec: 'latest',
293 silly mapToRegistry   type: 'tag' }
294 silly mapToRegistry uri https://registry.npmjs.org/lodash
295 verbose addRemoteTarball https://registry.npmjs.org/lodash/-/lodash-4.15.0.tgz not in flight; adding
296 verbose addRemoteTarball [ 'https://registry.npmjs.org/lodash/-/lodash-4.15.0.tgz',
296 verbose addRemoteTarball   '3162391d8f0140aa22cf8f6b3c34d6b7f63d3aa9' ]
297 info retry fetch attempt 1 at 17:03:34
298 info attempt registry request try #1 at 17:03:34
299 http fetch GET https://registry.npmjs.org/lodash/-/lodash-4.15.0.tgz
300 http fetch 200 https://registry.npmjs.org/lodash/-/lodash-4.15.0.tgz
301 silly fetchAndShaCheck shasum 3162391d8f0140aa22cf8f6b3c34d6b7f63d3aa9
302 verbose addTmpTarball C:\Users\WISEIT~1\AppData\Local\Temp\npm-7604-e2726e48\registry.npmjs.org\lodash\-\lodash-4.15.0.tgz not in flight; adding
303 verbose addTmpTarball already have metadata; skipping unpack for lodash@4.15.0
304 verbose correctMkdir C:\Users\wiseitech\AppData\Roaming\npm-cache correctMkdir not in flight; initializing
305 silly cache afterAdd lodash@4.15.0
306 verbose afterAdd C:\Users\wiseitech\AppData\Roaming\npm-cache\lodash\4.15.0\package\package.json not in flight; writing
307 verbose correctMkdir C:\Users\wiseitech\AppData\Roaming\npm-cache correctMkdir not in flight; initializing
308 verbose afterAdd C:\Users\wiseitech\AppData\Roaming\npm-cache\lodash\4.15.0\package\package.json written
309 silly loadAllDepsIntoIdealTree Finishing
310 silly loadIdealTree Finishing
311 silly currentTree socket-chat-example@0.0.1
311 silly currentTree +-- assert@1.4.1
311 silly currentTree +-- async@2.0.1
311 silly currentTree +-- bindings@1.2.1
311 silly currentTree +-- debug@2.2.0
311 silly currentTree +-- express@4.10.2
311 silly currentTree | +-- accepts@1.1.4
311 silly currentTree | | +-- mime-types@2.0.14
311 silly currentTree | | | `-- mime-db@1.12.0
311 silly currentTree | | `-- negotiator@0.4.9
311 silly currentTree | +-- content-disposition@0.5.0
311 silly currentTree | +-- cookie-signature@1.0.5
311 silly currentTree | +-- cookie@0.1.2
311 silly currentTree | +-- debug@2.1.3
311 silly currentTree | | `-- ms@0.7.0
311 silly currentTree | +-- depd@1.0.1
311 silly currentTree | +-- escape-html@1.0.1
311 silly currentTree | +-- etag@1.5.1
311 silly currentTree | | `-- crc@3.2.1
311 silly currentTree | +-- finalhandler@0.3.2
311 silly currentTree | +-- fresh@0.2.4
311 silly currentTree | +-- media-typer@0.3.0
311 silly currentTree | +-- merge-descriptors@0.0.2
311 silly currentTree | +-- methods@1.1.0
311 silly currentTree | +-- on-finished@2.1.1
311 silly currentTree | | `-- ee-first@1.1.0
311 silly currentTree | +-- parseurl@1.3.1
311 silly currentTree | +-- path-to-regexp@0.1.3
311 silly currentTree | +-- proxy-addr@1.0.10
311 silly currentTree | | +-- forwarded@0.1.0
311 silly currentTree | | `-- ipaddr.js@1.0.5
311 silly currentTree | +-- qs@2.3.2
311 silly currentTree | +-- range-parser@1.0.3
311 silly currentTree | +-- send@0.10.1
311 silly currentTree | | +-- destroy@1.0.3
311 silly currentTree | | +-- mime@1.2.11
311 silly currentTree | | `-- ms@0.6.2
311 silly currentTree | +-- serve-static@1.7.2
311 silly currentTree | +-- type-is@1.5.7
311 silly currentTree | | `-- mime-types@2.0.14
311 silly currentTree | |   `-- mime-db@1.12.0
311 silly currentTree | +-- utils-merge@1.0.0
311 silly currentTree | `-- vary@1.0.1
311 silly currentTree +-- ffi@2.1.0
311 silly currentTree +-- inherits@2.0.1
311 silly currentTree +-- lodash@4.15.0
311 silly currentTree +-- ms@0.7.1
311 silly currentTree +-- nan@2.4.0
311 silly currentTree +-- ref-struct@1.1.0
311 silly currentTree +-- ref@1.3.2
311 silly currentTree +-- socket.io@1.4.8
311 silly currentTree | +-- debug@2.2.0
311 silly currentTree | | `-- ms@0.7.1
311 silly currentTree | +-- engine.io@1.6.11
311 silly currentTree | | +-- accepts@1.1.4
311 silly currentTree | | | +-- mime-types@2.0.14
311 silly currentTree | | | | `-- mime-db@1.12.0
311 silly currentTree | | | `-- negotiator@0.4.9
311 silly currentTree | | +-- base64id@0.1.0
311 silly currentTree | | +-- engine.io-parser@1.2.4
311 silly currentTree | | | +-- after@0.8.1
311 silly currentTree | | | +-- arraybuffer.slice@0.0.6
311 silly currentTree | | | +-- base64-arraybuffer@0.1.2
311 silly currentTree | | | +-- blob@0.0.4
311 silly currentTree | | | +-- has-binary@0.1.6
311 silly currentTree | | | | `-- isarray@0.0.1
311 silly currentTree | | | `-- utf8@2.1.0
311 silly currentTree | | `-- ws@1.1.0
311 silly currentTree | |   +-- options@0.0.6
311 silly currentTree | |   `-- ultron@1.0.2
311 silly currentTree | +-- has-binary@0.1.7
311 silly currentTree | | `-- isarray@0.0.1
311 silly currentTree | +-- socket.io-adapter@0.4.0
311 silly currentTree | | `-- socket.io-parser@2.2.2
311 silly currentTree | |   +-- benchmark@1.0.0
311 silly currentTree | |   +-- component-emitter@1.1.2
311 silly currentTree | |   +-- debug@0.7.4
311 silly currentTree | |   +-- isarray@0.0.1
311 silly currentTree | |   `-- json3@3.2.6
311 silly currentTree | +-- socket.io-client@1.4.8
311 silly currentTree | | +-- backo2@1.0.2
311 silly currentTree | | +-- component-bind@1.0.0
311 silly currentTree | | +-- component-emitter@1.2.0
311 silly currentTree | | +-- engine.io-client@1.6.11
311 silly currentTree | | | +-- component-emitter@1.1.2
311 silly currentTree | | | +-- component-inherit@0.0.3
311 silly currentTree | | | +-- engine.io-parser@1.2.4
311 silly currentTree | | | | +-- after@0.8.1
311 silly currentTree | | | | +-- arraybuffer.slice@0.0.6
311 silly currentTree | | | | +-- base64-arraybuffer@0.1.2
311 silly currentTree | | | | +-- blob@0.0.4
311 silly currentTree | | | | +-- has-binary@0.1.6
311 silly currentTree | | | | | `-- isarray@0.0.1
311 silly currentTree | | | | `-- utf8@2.1.0
311 silly currentTree | | | +-- has-cors@1.1.0
311 silly currentTree | | | +-- parsejson@0.0.1
311 silly currentTree | | | | `-- better-assert@1.0.2
311 silly currentTree | | | |   `-- callsite@1.0.0
311 silly currentTree | | | +-- parseqs@0.0.2
311 silly currentTree | | | | `-- better-assert@1.0.2
311 silly currentTree | | | |   `-- callsite@1.0.0
311 silly currentTree | | | +-- ws@1.0.1
311 silly currentTree | | | | +-- options@0.0.6
311 silly currentTree | | | | `-- ultron@1.0.2
311 silly currentTree | | | +-- xmlhttprequest-ssl@1.5.1
311 silly currentTree | | | `-- yeast@0.1.2
311 silly currentTree | | +-- indexof@0.0.1
311 silly currentTree | | +-- object-component@0.0.3
311 silly currentTree | | +-- parseuri@0.0.4
311 silly currentTree | | | `-- better-assert@1.0.2
311 silly currentTree | | |   `-- callsite@1.0.0
311 silly currentTree | | `-- to-array@0.1.4
311 silly currentTree | `-- socket.io-parser@2.2.6
311 silly currentTree |   +-- benchmark@1.0.0
311 silly currentTree |   +-- component-emitter@1.1.2
311 silly currentTree |   +-- isarray@0.0.1
311 silly currentTree |   `-- json3@3.3.2
311 silly currentTree +-- util@0.10.3
311 silly currentTree `-- win32ole@0.1.3
312 silly idealTree socket-chat-example@0.0.1
312 silly idealTree +-- assert@1.4.1
312 silly idealTree +-- async@2.0.1
312 silly idealTree +-- bindings@1.2.1
312 silly idealTree +-- debug@2.2.0
312 silly idealTree +-- express@4.10.2
312 silly idealTree | +-- accepts@1.1.4
312 silly idealTree | | +-- mime-types@2.0.14
312 silly idealTree | | | `-- mime-db@1.12.0
312 silly idealTree | | `-- negotiator@0.4.9
312 silly idealTree | +-- content-disposition@0.5.0
312 silly idealTree | +-- cookie-signature@1.0.5
312 silly idealTree | +-- cookie@0.1.2
312 silly idealTree | +-- debug@2.1.3
312 silly idealTree | | `-- ms@0.7.0
312 silly idealTree | +-- depd@1.0.1
312 silly idealTree | +-- escape-html@1.0.1
312 silly idealTree | +-- etag@1.5.1
312 silly idealTree | | `-- crc@3.2.1
312 silly idealTree | +-- finalhandler@0.3.2
312 silly idealTree | +-- fresh@0.2.4
312 silly idealTree | +-- media-typer@0.3.0
312 silly idealTree | +-- merge-descriptors@0.0.2
312 silly idealTree | +-- methods@1.1.0
312 silly idealTree | +-- on-finished@2.1.1
312 silly idealTree | | `-- ee-first@1.1.0
312 silly idealTree | +-- parseurl@1.3.1
312 silly idealTree | +-- path-to-regexp@0.1.3
312 silly idealTree | +-- proxy-addr@1.0.10
312 silly idealTree | | +-- forwarded@0.1.0
312 silly idealTree | | `-- ipaddr.js@1.0.5
312 silly idealTree | +-- qs@2.3.2
312 silly idealTree | +-- range-parser@1.0.3
312 silly idealTree | +-- send@0.10.1
312 silly idealTree | | +-- destroy@1.0.3
312 silly idealTree | | +-- mime@1.2.11
312 silly idealTree | | `-- ms@0.6.2
312 silly idealTree | +-- serve-static@1.7.2
312 silly idealTree | +-- type-is@1.5.7
312 silly idealTree | | `-- mime-types@2.0.14
312 silly idealTree | |   `-- mime-db@1.12.0
312 silly idealTree | +-- utils-merge@1.0.0
312 silly idealTree | `-- vary@1.0.1
312 silly idealTree +-- ffi@2.1.0
312 silly idealTree +-- inherits@2.0.1
312 silly idealTree +-- lodash@4.15.0
312 silly idealTree +-- ms@0.7.1
312 silly idealTree +-- nan@2.4.0
312 silly idealTree +-- ref-struct@1.1.0
312 silly idealTree +-- ref@1.3.2
312 silly idealTree +-- socket.io@1.4.8
312 silly idealTree | +-- debug@2.2.0
312 silly idealTree | | `-- ms@0.7.1
312 silly idealTree | +-- engine.io@1.6.11
312 silly idealTree | | +-- accepts@1.1.4
312 silly idealTree | | | +-- mime-types@2.0.14
312 silly idealTree | | | | `-- mime-db@1.12.0
312 silly idealTree | | | `-- negotiator@0.4.9
312 silly idealTree | | +-- base64id@0.1.0
312 silly idealTree | | +-- engine.io-parser@1.2.4
312 silly idealTree | | | +-- after@0.8.1
312 silly idealTree | | | +-- arraybuffer.slice@0.0.6
312 silly idealTree | | | +-- base64-arraybuffer@0.1.2
312 silly idealTree | | | +-- blob@0.0.4
312 silly idealTree | | | +-- has-binary@0.1.6
312 silly idealTree | | | | `-- isarray@0.0.1
312 silly idealTree | | | `-- utf8@2.1.0
312 silly idealTree | | `-- ws@1.1.0
312 silly idealTree | |   +-- options@0.0.6
312 silly idealTree | |   `-- ultron@1.0.2
312 silly idealTree | +-- has-binary@0.1.7
312 silly idealTree | | `-- isarray@0.0.1
312 silly idealTree | +-- socket.io-adapter@0.4.0
312 silly idealTree | | `-- socket.io-parser@2.2.2
312 silly idealTree | |   +-- benchmark@1.0.0
312 silly idealTree | |   +-- component-emitter@1.1.2
312 silly idealTree | |   +-- debug@0.7.4
312 silly idealTree | |   +-- isarray@0.0.1
312 silly idealTree | |   `-- json3@3.2.6
312 silly idealTree | +-- socket.io-client@1.4.8
312 silly idealTree | | +-- backo2@1.0.2
312 silly idealTree | | +-- component-bind@1.0.0
312 silly idealTree | | +-- component-emitter@1.2.0
312 silly idealTree | | +-- engine.io-client@1.6.11
312 silly idealTree | | | +-- component-emitter@1.1.2
312 silly idealTree | | | +-- component-inherit@0.0.3
312 silly idealTree | | | +-- engine.io-parser@1.2.4
312 silly idealTree | | | | +-- after@0.8.1
312 silly idealTree | | | | +-- arraybuffer.slice@0.0.6
312 silly idealTree | | | | +-- base64-arraybuffer@0.1.2
312 silly idealTree | | | | +-- blob@0.0.4
312 silly idealTree | | | | +-- has-binary@0.1.6
312 silly idealTree | | | | | `-- isarray@0.0.1
312 silly idealTree | | | | `-- utf8@2.1.0
312 silly idealTree | | | +-- has-cors@1.1.0
312 silly idealTree | | | +-- parsejson@0.0.1
312 silly idealTree | | | | `-- better-assert@1.0.2
312 silly idealTree | | | |   `-- callsite@1.0.0
312 silly idealTree | | | +-- parseqs@0.0.2
312 silly idealTree | | | | `-- better-assert@1.0.2
312 silly idealTree | | | |   `-- callsite@1.0.0
312 silly idealTree | | | +-- ws@1.0.1
312 silly idealTree | | | | +-- options@0.0.6
312 silly idealTree | | | | `-- ultron@1.0.2
312 silly idealTree | | | +-- xmlhttprequest-ssl@1.5.1
312 silly idealTree | | | `-- yeast@0.1.2
312 silly idealTree | | +-- indexof@0.0.1
312 silly idealTree | | +-- object-component@0.0.3
312 silly idealTree | | +-- parseuri@0.0.4
312 silly idealTree | | | `-- better-assert@1.0.2
312 silly idealTree | | |   `-- callsite@1.0.0
312 silly idealTree | | `-- to-array@0.1.4
312 silly idealTree | `-- socket.io-parser@2.2.6
312 silly idealTree |   +-- benchmark@1.0.0
312 silly idealTree |   +-- component-emitter@1.1.2
312 silly idealTree |   +-- isarray@0.0.1
312 silly idealTree |   `-- json3@3.3.2
312 silly idealTree +-- util@0.10.3
312 silly idealTree `-- win32ole@0.1.3
313 silly generateActionsToTake Starting
314 silly install generateActionsToTake
315 silly generateActionsToTake Finishing
316 silly diffTrees action count 1
317 silly diffTrees update win32ole@0.1.3
318 silly decomposeActions action count 8
319 silly decomposeActions fetch win32ole@0.1.3
320 silly decomposeActions extract win32ole@0.1.3
321 silly decomposeActions test win32ole@0.1.3
322 silly decomposeActions preinstall win32ole@0.1.3
323 silly decomposeActions build win32ole@0.1.3
324 silly decomposeActions install win32ole@0.1.3
325 silly decomposeActions postinstall win32ole@0.1.3
326 silly decomposeActions finalize win32ole@0.1.3
327 silly executeActions Starting
328 silly install executeActions
329 silly doSerial global-install 0
330 silly doParallel fetch 1
331 verbose correctMkdir C:\Users\wiseitech\AppData\Roaming\npm-cache\_locks correctMkdir not in flight; initializing
332 verbose lock using C:\Users\wiseitech\AppData\Roaming\npm-cache\_locks\staging-2f44d6e1a7433c2f.lock for F:\node\chatNode\node_modules\.staging
333 silly doParallel extract 1
334 silly extract win32ole@0.1.3
335 verbose unbuild node_modules\.staging\win32ole-ad28d348
336 silly gentlyRm F:\node\chatNode\node_modules\.staging\win32ole-ad28d348 is being purged from base F:\node\chatNode
337 verbose gentlyRm don't care about contents; nuking F:\node\chatNode\node_modules\.staging\win32ole-ad28d348
338 verbose tar unpack C:\Users\wiseitech\AppData\Roaming\npm-cache\win32ole\0.1.3\package.tgz
339 verbose tar unpacking to F:\node\chatNode\node_modules\.staging\win32ole-ad28d348
340 silly gentlyRm F:\node\chatNode\node_modules\.staging\win32ole-ad28d348 is being purged
341 verbose gentlyRm don't care about contents; nuking F:\node\chatNode\node_modules\.staging\win32ole-ad28d348
342 silly gunzTarPerm modes [ '777', '666' ]
343 silly gunzTarPerm extractEntry package.json
344 silly gunzTarPerm extractEntry .npmignore
345 silly gunzTarPerm extractEntry README.md
346 silly gunzTarPerm extractEntry win32ole.js
347 silly gunzTarPerm extractEntry binding.gyp
348 silly gunzTarPerm extractEntry examples/access_mdb_sample.js
349 silly gunzTarPerm extractEntry examples/maze_creator.js
350 silly gunzTarPerm extractEntry examples/maze_solver.js
351 silly gunzTarPerm extractEntry examples/word_sample.js
352 silly gunzTarPerm extractEntry examples/ie_sample.js
353 silly gunzTarPerm extractEntry examples/activex_filesystemobject_sample.js
354 silly gunzTarPerm extractEntry examples/ole_args_test_client_metamorphoses.js
355 silly gunzTarPerm extractEntry examples/outlook_sample.js
356 silly gunzTarPerm extractEntry examples/typelibrary_sample.js
357 silly gunzTarPerm extractEntry examples/uncfinder_sample.js
358 silly gunzTarPerm extractEntry examples/wmi_sample.js
359 silly gunzTarPerm extractEntry examples/wsh_sample.js
360 silly gunzTarPerm extractEntry examples/ole_args_test_client.js
361 silly gunzTarPerm extractEntry examples/ole_args_tester_server.py
362 silly gunzTarPerm extractEntry examples/ole_args_tester_client.py
363 silly gunzTarPerm extractEntry lib/index.js
364 silly gunzTarPerm extractEntry lib/trace.js
365 silly gunzTarPerm extractEntry lib/win32ole.js
366 silly gunzTarPerm extractEntry Makefile
367 silly gunzTarPerm extractEntry src/node_win32ole.h
368 silly gunzTarPerm extractEntry src/client.cc
369 silly gunzTarPerm extractEntry src/force_gc_extension.cc
370 silly gunzTarPerm extractEntry src/force_gc_internal.cc
371 silly gunzTarPerm extractEntry src/node_win32ole.cc
372 silly gunzTarPerm extractEntry src/client.h
373 silly gunzTarPerm extractEntry src/ole32core.cpp
374 silly gunzTarPerm extractEntry src/ole32core.h
375 silly gunzTarPerm extractEntry src/v8variant.cc
376 silly gunzTarPerm extractEntry src/v8variant.h
377 silly gunzTarPerm extractEntry src/win32ole_gettimeofday.cc
378 silly gunzTarPerm extractEntry test/init_win32ole.test.js
379 silly gunzTarPerm extractEntry test/unicode.test.js
380 silly gentlyRm F:\node\chatNode\node_modules\.staging\win32ole-ad28d348\node_modules is being purged
381 verbose gentlyRm don't care about contents; nuking F:\node\chatNode\node_modules\.staging\win32ole-ad28d348\node_modules
382 silly doParallel preinstall 1
383 silly preinstall win32ole@0.1.3 F:\node\chatNode\node_modules\.staging\win32ole-ad28d348
384 info lifecycle win32ole@0.1.3~preinstall: win32ole@0.1.3
385 silly lifecycle win32ole@0.1.3~preinstall: no script for preinstall, continuing
386 silly doReverseSerial remove 0
387 silly doSerial move 0
388 silly doSerial finalize 1
389 silly finalize F:\node\chatNode\node_modules\win32ole
390 silly doSerial build 1
391 silly build win32ole@0.1.3
392 info linkStuff win32ole@0.1.3
393 silly linkStuff win32ole@0.1.3 has F:\node\chatNode\node_modules as its parent node_modules
394 verbose linkBins win32ole@0.1.3
395 verbose linkMans win32ole@0.1.3
396 silly doSerial global-link 0
397 silly doParallel update-linked 0
398 silly doSerial install 1
399 silly install win32ole@0.1.3 F:\node\chatNode\node_modules\.staging\win32ole-ad28d348
400 info lifecycle win32ole@0.1.3~install: win32ole@0.1.3
401 verbose lifecycle win32ole@0.1.3~install: unsafe-perm in lifecycle true
402 verbose lifecycle win32ole@0.1.3~install: PATH: C:\Users\wiseitech\AppData\Roaming\npm\node_modules\npm\bin\node-gyp-bin;F:\node\chatNode\node_modules\win32ole\node_modules\.bin;F:\node\chatNode\node_modules\.bin;C:\Program Files (x86)\Intel\iCLS Client\;C:\Program Files\Intel\iCLS Client\;C:\windows\system32;C:\windows;C:\windows\System32\Wbem;C:\windows\System32\WindowsPowerShell\v1.0\;C:\Program Files\Intel\WiFi\bin\;C:\Program Files\Common Files\Intel\WirelessCommon\;c:\Program Files (x86)\ATI Technologies\ATI.ACE\Core-Static;C:\Program Files\TortoiseSVN\bin;C:\Program Files\nodejs\;C:\Program Files (x86)\Intel\Intel(R) Management Engine Components\DAL;C:\Program Files\Intel\Intel(R) Management Engine Components\DAL;C:\Program Files (x86)\Intel\Intel(R) Management Engine Components\IPT;C:\Program Files\Intel\Intel(R) Management Engine Components\IPT;C:\Python27;C:\windows\system32\config\systemprofile\.dnx\bin;C:\Program Files\Microsoft DNX\Dnvm\;C:\Program Files (x86)\Windows Kits\8.1\Windows Performance Toolkit\;C:\Program Files\Microsoft SQL Server\120\Tools\Binn\;C:\Program Files\Microsoft SQL Server\130\Tools\Binn\;C:\Program Files\Git\cmd;C:\Users\wiseitech\AppData\Roaming\npm
403 verbose lifecycle win32ole@0.1.3~install: CWD: F:\node\chatNode\node_modules\win32ole
404 silly lifecycle win32ole@0.1.3~install: Args: [ '/d /s /c', 'node-gyp rebuild' ]
405 silly lifecycle win32ole@0.1.3~install: Returned: code: 1  signal: null
406 info lifecycle win32ole@0.1.3~install: Failed to exec install script
407 verbose unlock done using C:\Users\wiseitech\AppData\Roaming\npm-cache\_locks\staging-2f44d6e1a7433c2f.lock for F:\node\chatNode\node_modules\.staging
408 silly rollbackFailedOptional Starting
409 silly rollbackFailedOptional Finishing
410 silly runTopLevelLifecycles Starting
411 silly runTopLevelLifecycles Finishing
412 silly install printInstalled
413 warn socket-chat-example@0.0.1 No repository field.
414 warn socket-chat-example@0.0.1 No license field.
415 verbose stack Error: win32ole@0.1.3 install: `node-gyp rebuild`
415 verbose stack Exit status 1
415 verbose stack     at EventEmitter.<anonymous> (C:\Users\wiseitech\AppData\Roaming\npm\node_modules\npm\lib\utils\lifecycle.js:255:16)
415 verbose stack     at emitTwo (events.js:87:13)
415 verbose stack     at EventEmitter.emit (events.js:172:7)
415 verbose stack     at ChildProcess.<anonymous> (C:\Users\wiseitech\AppData\Roaming\npm\node_modules\npm\lib\utils\spawn.js:40:14)
415 verbose stack     at emitTwo (events.js:87:13)
415 verbose stack     at ChildProcess.emit (events.js:172:7)
415 verbose stack     at maybeClose (internal/child_process.js:827:16)
415 verbose stack     at Process.ChildProcess._handle.onexit (internal/child_process.js:211:5)
416 verbose pkgid win32ole@0.1.3
417 verbose cwd F:\node\chatNode
418 error Windows_NT 6.1.7601
419 error argv "C:\\Program Files\\nodejs\\node.exe" "C:\\Users\\wiseitech\\AppData\\Roaming\\npm\\node_modules\\npm\\bin\\npm-cli.js" "install" "win32ole"
420 error node v4.4.7
421 error npm  v3.10.6
422 error code ELIFECYCLE
423 error win32ole@0.1.3 install: `node-gyp rebuild`
423 error Exit status 1
424 error Failed at the win32ole@0.1.3 install script 'node-gyp rebuild'.
424 error Make sure you have the latest version of node.js and npm installed.
424 error If you do, this is most likely a problem with the win32ole package,
424 error not with npm itself.
424 error Tell the author that this fails on your system:
424 error     node-gyp rebuild
424 error You can get information on how to open an issue for this project with:
424 error     npm bugs win32ole
424 error Or if that isn't available, you can get their info via:
424 error     npm owner ls win32ole
424 error There is likely additional logging output above.
425 verbose exit [ 1, true ]
